<?xml version="1.0" encoding="UTF-8"?>
<!-- Generated by org.testng.reporters.JUnitXMLReporter -->
<testsuite hostname="Swapnil" ignored="0" name="Command line test" tests="22" failures="0" timestamp="21 Mar 2020 20:33:19 GMT" time="22.72" errors="0">
  <testcase name="@BeforeMethod setUp" time="8.692" classname="com.crm.qa.testcases.ContactPageTest">
    <failure type="org.openqa.selenium.SessionNotCreatedException" message="session not created: This version of ChromeDriver only supports Chrome version 78
Build info: version: &amp;apos;3.141.59&amp;apos;, revision: &amp;apos;e82be7d358&amp;apos;, time: &amp;apos;2018-11-14T08:17:03&amp;apos;
System info: host: &amp;apos;SWAPNIL&amp;apos;, ip: &amp;apos;172.20.10.2&amp;apos;, os.name: &amp;apos;Windows 10&amp;apos;, os.arch: &amp;apos;amd64&amp;apos;, os.version: &amp;apos;10.0&amp;apos;, java.version: &amp;apos;1.8.0_191&amp;apos;
Driver info: driver.version: ChromeDriver
remote stacktrace: Backtrace:
	Ordinal0 [0x0077A923+1550627]
	Ordinal0 [0x006FA731+1025841]
	Ordinal0 [0x0067C715+509717]
	Ordinal0 [0x0060FC68+64616]
	Ordinal0 [0x0060C594+50580]
	Ordinal0 [0x0062ACE7+175335]
	Ordinal0 [0x0062A8ED+174317]
	Ordinal0 [0x00628CDB+167131]
	Ordinal0 [0x0061144A+70730]
	Ordinal0 [0x006124D0+74960]
	Ordinal0 [0x00612469+74857]
	Ordinal0 [0x007142F7+1131255]
	GetHandleVerifier [0x0081711D+523789]
	GetHandleVerifier [0x00816EB0+523168]
	GetHandleVerifier [0x0081E207+552695]
	GetHandleVerifier [0x0081791A+525834]
	Ordinal0 [0x0070B82C+1095724]
	Ordinal0 [0x0071636B+1139563]
	Ordinal0 [0x007164D3+1139923]
	Ordinal0 [0x00715455+1135701]
	BaseThreadInitThunk [0x76576359+25]
	RtlGetAppContainerNamedObjectPath [0x76F17B74+228]
	RtlGetAppContainerNamedObjectPath [0x76F17B44+180]
">
      <![CDATA[org.openqa.selenium.SessionNotCreatedException: session not created: This version of ChromeDriver only supports Chrome version 78
Build info: version: '3.141.59', revision: 'e82be7d358', time: '2018-11-14T08:17:03'
System info: host: 'SWAPNIL', ip: '172.20.10.2', os.name: 'Windows 10', os.arch: 'amd64', os.version: '10.0', java.version: '1.8.0_191'
Driver info: driver.version: ChromeDriver
remote stacktrace: Backtrace:
	Ordinal0 [0x0077A923+1550627]
	Ordinal0 [0x006FA731+1025841]
	Ordinal0 [0x0067C715+509717]
	Ordinal0 [0x0060FC68+64616]
	Ordinal0 [0x0060C594+50580]
	Ordinal0 [0x0062ACE7+175335]
	Ordinal0 [0x0062A8ED+174317]
	Ordinal0 [0x00628CDB+167131]
	Ordinal0 [0x0061144A+70730]
	Ordinal0 [0x006124D0+74960]
	Ordinal0 [0x00612469+74857]
	Ordinal0 [0x007142F7+1131255]
	GetHandleVerifier [0x0081711D+523789]
	GetHandleVerifier [0x00816EB0+523168]
	GetHandleVerifier [0x0081E207+552695]
	GetHandleVerifier [0x0081791A+525834]
	Ordinal0 [0x0070B82C+1095724]
	Ordinal0 [0x0071636B+1139563]
	Ordinal0 [0x007164D3+1139923]
	Ordinal0 [0x00715455+1135701]
	BaseThreadInitThunk [0x76576359+25]
	RtlGetAppContainerNamedObjectPath [0x76F17B74+228]
	RtlGetAppContainerNamedObjectPath [0x76F17B44+180]

	at org.openqa.selenium.remote.W3CHandshakeResponse.lambda$errorHandler$0(W3CHandshakeResponse.java:62)
	at org.openqa.selenium.remote.HandshakeResponse.lambda$getResponseFunction$0(HandshakeResponse.java:30)
	at org.openqa.selenium.remote.ProtocolHandshake.lambda$createSession$0(ProtocolHandshake.java:126)
	at java.util.stream.ReferencePipeline$3$1.accept(ReferencePipeline.java:193)
	at java.util.Spliterators$ArraySpliterator.tryAdvance(Spliterators.java:958)
	at java.util.stream.ReferencePipeline.forEachWithCancel(ReferencePipeline.java:126)
	at java.util.stream.AbstractPipeline.copyIntoWithCancel(AbstractPipeline.java:498)
	at java.util.stream.AbstractPipeline.copyInto(AbstractPipeline.java:485)
	at java.util.stream.AbstractPipeline.wrapAndCopyInto(AbstractPipeline.java:471)
	at java.util.stream.FindOps$FindOp.evaluateSequential(FindOps.java:152)
	at java.util.stream.AbstractPipeline.evaluate(AbstractPipeline.java:234)
	at java.util.stream.ReferencePipeline.findFirst(ReferencePipeline.java:464)
	at org.openqa.selenium.remote.ProtocolHandshake.createSession(ProtocolHandshake.java:128)
	at org.openqa.selenium.remote.ProtocolHandshake.createSession(ProtocolHandshake.java:74)
	at org.openqa.selenium.remote.HttpCommandExecutor.execute(HttpCommandExecutor.java:136)
	at org.openqa.selenium.remote.service.DriverCommandExecutor.execute(DriverCommandExecutor.java:83)
	at org.openqa.selenium.remote.RemoteWebDriver.execute(RemoteWebDriver.java:552)
	at org.openqa.selenium.remote.RemoteWebDriver.startSession(RemoteWebDriver.java:213)
	at org.openqa.selenium.remote.RemoteWebDriver.<init>(RemoteWebDriver.java:131)
	at org.openqa.selenium.chrome.ChromeDriver.<init>(ChromeDriver.java:181)
	at org.openqa.selenium.chrome.ChromeDriver.<init>(ChromeDriver.java:168)
	at org.openqa.selenium.chrome.ChromeDriver.<init>(ChromeDriver.java:123)
	at com.crm.qa.base.TestBase.initialization(TestBase.java:57)
	at com.crm.qa.testcases.ContactPageTest.setUp(ContactPageTest.java:29)
... Removed 41 stack frames]]>
    </failure>
  </testcase> <!-- @BeforeMethod setUp -->
  <testcase name="@BeforeMethod setUp" time="4.533" classname="com.crm.qa.testcases.HomePageTest">
    <failure type="org.openqa.selenium.SessionNotCreatedException" message="session not created: This version of ChromeDriver only supports Chrome version 78
Build info: version: &amp;apos;3.141.59&amp;apos;, revision: &amp;apos;e82be7d358&amp;apos;, time: &amp;apos;2018-11-14T08:17:03&amp;apos;
System info: host: &amp;apos;SWAPNIL&amp;apos;, ip: &amp;apos;172.20.10.2&amp;apos;, os.name: &amp;apos;Windows 10&amp;apos;, os.arch: &amp;apos;amd64&amp;apos;, os.version: &amp;apos;10.0&amp;apos;, java.version: &amp;apos;1.8.0_191&amp;apos;
Driver info: driver.version: ChromeDriver
remote stacktrace: Backtrace:
	Ordinal0 [0x0077A923+1550627]
	Ordinal0 [0x006FA731+1025841]
	Ordinal0 [0x0067C715+509717]
	Ordinal0 [0x0060FC68+64616]
	Ordinal0 [0x0060C594+50580]
	Ordinal0 [0x0062ACE7+175335]
	Ordinal0 [0x0062A8ED+174317]
	Ordinal0 [0x00628CDB+167131]
	Ordinal0 [0x0061144A+70730]
	Ordinal0 [0x006124D0+74960]
	Ordinal0 [0x00612469+74857]
	Ordinal0 [0x007142F7+1131255]
	GetHandleVerifier [0x0081711D+523789]
	GetHandleVerifier [0x00816EB0+523168]
	GetHandleVerifier [0x0081E207+552695]
	GetHandleVerifier [0x0081791A+525834]
	Ordinal0 [0x0070B82C+1095724]
	Ordinal0 [0x0071636B+1139563]
	Ordinal0 [0x007164D3+1139923]
	Ordinal0 [0x00715455+1135701]
	BaseThreadInitThunk [0x76576359+25]
	RtlGetAppContainerNamedObjectPath [0x76F17B74+228]
	RtlGetAppContainerNamedObjectPath [0x76F17B44+180]
">
      <![CDATA[org.openqa.selenium.SessionNotCreatedException: session not created: This version of ChromeDriver only supports Chrome version 78
Build info: version: '3.141.59', revision: 'e82be7d358', time: '2018-11-14T08:17:03'
System info: host: 'SWAPNIL', ip: '172.20.10.2', os.name: 'Windows 10', os.arch: 'amd64', os.version: '10.0', java.version: '1.8.0_191'
Driver info: driver.version: ChromeDriver
remote stacktrace: Backtrace:
	Ordinal0 [0x0077A923+1550627]
	Ordinal0 [0x006FA731+1025841]
	Ordinal0 [0x0067C715+509717]
	Ordinal0 [0x0060FC68+64616]
	Ordinal0 [0x0060C594+50580]
	Ordinal0 [0x0062ACE7+175335]
	Ordinal0 [0x0062A8ED+174317]
	Ordinal0 [0x00628CDB+167131]
	Ordinal0 [0x0061144A+70730]
	Ordinal0 [0x006124D0+74960]
	Ordinal0 [0x00612469+74857]
	Ordinal0 [0x007142F7+1131255]
	GetHandleVerifier [0x0081711D+523789]
	GetHandleVerifier [0x00816EB0+523168]
	GetHandleVerifier [0x0081E207+552695]
	GetHandleVerifier [0x0081791A+525834]
	Ordinal0 [0x0070B82C+1095724]
	Ordinal0 [0x0071636B+1139563]
	Ordinal0 [0x007164D3+1139923]
	Ordinal0 [0x00715455+1135701]
	BaseThreadInitThunk [0x76576359+25]
	RtlGetAppContainerNamedObjectPath [0x76F17B74+228]
	RtlGetAppContainerNamedObjectPath [0x76F17B44+180]

	at org.openqa.selenium.remote.W3CHandshakeResponse.lambda$errorHandler$0(W3CHandshakeResponse.java:62)
	at org.openqa.selenium.remote.HandshakeResponse.lambda$getResponseFunction$0(HandshakeResponse.java:30)
	at org.openqa.selenium.remote.ProtocolHandshake.lambda$createSession$0(ProtocolHandshake.java:126)
	at java.util.stream.ReferencePipeline$3$1.accept(ReferencePipeline.java:193)
	at java.util.Spliterators$ArraySpliterator.tryAdvance(Spliterators.java:958)
	at java.util.stream.ReferencePipeline.forEachWithCancel(ReferencePipeline.java:126)
	at java.util.stream.AbstractPipeline.copyIntoWithCancel(AbstractPipeline.java:498)
	at java.util.stream.AbstractPipeline.copyInto(AbstractPipeline.java:485)
	at java.util.stream.AbstractPipeline.wrapAndCopyInto(AbstractPipeline.java:471)
	at java.util.stream.FindOps$FindOp.evaluateSequential(FindOps.java:152)
	at java.util.stream.AbstractPipeline.evaluate(AbstractPipeline.java:234)
	at java.util.stream.ReferencePipeline.findFirst(ReferencePipeline.java:464)
	at org.openqa.selenium.remote.ProtocolHandshake.createSession(ProtocolHandshake.java:128)
	at org.openqa.selenium.remote.ProtocolHandshake.createSession(ProtocolHandshake.java:74)
	at org.openqa.selenium.remote.HttpCommandExecutor.execute(HttpCommandExecutor.java:136)
	at org.openqa.selenium.remote.service.DriverCommandExecutor.execute(DriverCommandExecutor.java:83)
	at org.openqa.selenium.remote.RemoteWebDriver.execute(RemoteWebDriver.java:552)
	at org.openqa.selenium.remote.RemoteWebDriver.startSession(RemoteWebDriver.java:213)
	at org.openqa.selenium.remote.RemoteWebDriver.<init>(RemoteWebDriver.java:131)
	at org.openqa.selenium.chrome.ChromeDriver.<init>(ChromeDriver.java:181)
	at org.openqa.selenium.chrome.ChromeDriver.<init>(ChromeDriver.java:168)
	at org.openqa.selenium.chrome.ChromeDriver.<init>(ChromeDriver.java:123)
	at com.crm.qa.base.TestBase.initialization(TestBase.java:57)
	at com.crm.qa.testcases.HomePageTest.setUp(HomePageTest.java:28)
... Removed 41 stack frames]]>
    </failure>
  </testcase> <!-- @BeforeMethod setUp -->
  <testcase name="@BeforeMethod setUp" time="3.535" classname="com.crm.qa.testcases.LoginPageTest">
    <failure type="org.openqa.selenium.SessionNotCreatedException" message="session not created: This version of ChromeDriver only supports Chrome version 78
Build info: version: &amp;apos;3.141.59&amp;apos;, revision: &amp;apos;e82be7d358&amp;apos;, time: &amp;apos;2018-11-14T08:17:03&amp;apos;
System info: host: &amp;apos;SWAPNIL&amp;apos;, ip: &amp;apos;172.20.10.2&amp;apos;, os.name: &amp;apos;Windows 10&amp;apos;, os.arch: &amp;apos;amd64&amp;apos;, os.version: &amp;apos;10.0&amp;apos;, java.version: &amp;apos;1.8.0_191&amp;apos;
Driver info: driver.version: ChromeDriver
remote stacktrace: Backtrace:
	Ordinal0 [0x0077A923+1550627]
	Ordinal0 [0x006FA731+1025841]
	Ordinal0 [0x0067C715+509717]
	Ordinal0 [0x0060FC68+64616]
	Ordinal0 [0x0060C594+50580]
	Ordinal0 [0x0062ACE7+175335]
	Ordinal0 [0x0062A8ED+174317]
	Ordinal0 [0x00628CDB+167131]
	Ordinal0 [0x0061144A+70730]
	Ordinal0 [0x006124D0+74960]
	Ordinal0 [0x00612469+74857]
	Ordinal0 [0x007142F7+1131255]
	GetHandleVerifier [0x0081711D+523789]
	GetHandleVerifier [0x00816EB0+523168]
	GetHandleVerifier [0x0081E207+552695]
	GetHandleVerifier [0x0081791A+525834]
	Ordinal0 [0x0070B82C+1095724]
	Ordinal0 [0x0071636B+1139563]
	Ordinal0 [0x007164D3+1139923]
	Ordinal0 [0x00715455+1135701]
	BaseThreadInitThunk [0x76576359+25]
	RtlGetAppContainerNamedObjectPath [0x76F17B74+228]
	RtlGetAppContainerNamedObjectPath [0x76F17B44+180]
">
      <![CDATA[org.openqa.selenium.SessionNotCreatedException: session not created: This version of ChromeDriver only supports Chrome version 78
Build info: version: '3.141.59', revision: 'e82be7d358', time: '2018-11-14T08:17:03'
System info: host: 'SWAPNIL', ip: '172.20.10.2', os.name: 'Windows 10', os.arch: 'amd64', os.version: '10.0', java.version: '1.8.0_191'
Driver info: driver.version: ChromeDriver
remote stacktrace: Backtrace:
	Ordinal0 [0x0077A923+1550627]
	Ordinal0 [0x006FA731+1025841]
	Ordinal0 [0x0067C715+509717]
	Ordinal0 [0x0060FC68+64616]
	Ordinal0 [0x0060C594+50580]
	Ordinal0 [0x0062ACE7+175335]
	Ordinal0 [0x0062A8ED+174317]
	Ordinal0 [0x00628CDB+167131]
	Ordinal0 [0x0061144A+70730]
	Ordinal0 [0x006124D0+74960]
	Ordinal0 [0x00612469+74857]
	Ordinal0 [0x007142F7+1131255]
	GetHandleVerifier [0x0081711D+523789]
	GetHandleVerifier [0x00816EB0+523168]
	GetHandleVerifier [0x0081E207+552695]
	GetHandleVerifier [0x0081791A+525834]
	Ordinal0 [0x0070B82C+1095724]
	Ordinal0 [0x0071636B+1139563]
	Ordinal0 [0x007164D3+1139923]
	Ordinal0 [0x00715455+1135701]
	BaseThreadInitThunk [0x76576359+25]
	RtlGetAppContainerNamedObjectPath [0x76F17B74+228]
	RtlGetAppContainerNamedObjectPath [0x76F17B44+180]

	at org.openqa.selenium.remote.W3CHandshakeResponse.lambda$errorHandler$0(W3CHandshakeResponse.java:62)
	at org.openqa.selenium.remote.HandshakeResponse.lambda$getResponseFunction$0(HandshakeResponse.java:30)
	at org.openqa.selenium.remote.ProtocolHandshake.lambda$createSession$0(ProtocolHandshake.java:126)
	at java.util.stream.ReferencePipeline$3$1.accept(ReferencePipeline.java:193)
	at java.util.Spliterators$ArraySpliterator.tryAdvance(Spliterators.java:958)
	at java.util.stream.ReferencePipeline.forEachWithCancel(ReferencePipeline.java:126)
	at java.util.stream.AbstractPipeline.copyIntoWithCancel(AbstractPipeline.java:498)
	at java.util.stream.AbstractPipeline.copyInto(AbstractPipeline.java:485)
	at java.util.stream.AbstractPipeline.wrapAndCopyInto(AbstractPipeline.java:471)
	at java.util.stream.FindOps$FindOp.evaluateSequential(FindOps.java:152)
	at java.util.stream.AbstractPipeline.evaluate(AbstractPipeline.java:234)
	at java.util.stream.ReferencePipeline.findFirst(ReferencePipeline.java:464)
	at org.openqa.selenium.remote.ProtocolHandshake.createSession(ProtocolHandshake.java:128)
	at org.openqa.selenium.remote.ProtocolHandshake.createSession(ProtocolHandshake.java:74)
	at org.openqa.selenium.remote.HttpCommandExecutor.execute(HttpCommandExecutor.java:136)
	at org.openqa.selenium.remote.service.DriverCommandExecutor.execute(DriverCommandExecutor.java:83)
	at org.openqa.selenium.remote.RemoteWebDriver.execute(RemoteWebDriver.java:552)
	at org.openqa.selenium.remote.RemoteWebDriver.startSession(RemoteWebDriver.java:213)
	at org.openqa.selenium.remote.RemoteWebDriver.<init>(RemoteWebDriver.java:131)
	at org.openqa.selenium.chrome.ChromeDriver.<init>(ChromeDriver.java:181)
	at org.openqa.selenium.chrome.ChromeDriver.<init>(ChromeDriver.java:168)
	at org.openqa.selenium.chrome.ChromeDriver.<init>(ChromeDriver.java:123)
	at com.crm.qa.base.TestBase.initialization(TestBase.java:57)
	at com.crm.qa.testcases.LoginPageTest.setUp(LoginPageTest.java:23)
... Removed 41 stack frames]]>
    </failure>
  </testcase> <!-- @BeforeMethod setUp -->
  <testcase name="@BeforeMethod setUp" time="3.219" classname="com.crm.qa.testcases.TasksPageTest">
    <failure type="org.openqa.selenium.SessionNotCreatedException" message="session not created: This version of ChromeDriver only supports Chrome version 78
Build info: version: &amp;apos;3.141.59&amp;apos;, revision: &amp;apos;e82be7d358&amp;apos;, time: &amp;apos;2018-11-14T08:17:03&amp;apos;
System info: host: &amp;apos;SWAPNIL&amp;apos;, ip: &amp;apos;172.20.10.2&amp;apos;, os.name: &amp;apos;Windows 10&amp;apos;, os.arch: &amp;apos;amd64&amp;apos;, os.version: &amp;apos;10.0&amp;apos;, java.version: &amp;apos;1.8.0_191&amp;apos;
Driver info: driver.version: ChromeDriver
remote stacktrace: Backtrace:
	Ordinal0 [0x0077A923+1550627]
	Ordinal0 [0x006FA731+1025841]
	Ordinal0 [0x0067C715+509717]
	Ordinal0 [0x0060FC68+64616]
	Ordinal0 [0x0060C594+50580]
	Ordinal0 [0x0062ACE7+175335]
	Ordinal0 [0x0062A8ED+174317]
	Ordinal0 [0x00628CDB+167131]
	Ordinal0 [0x0061144A+70730]
	Ordinal0 [0x006124D0+74960]
	Ordinal0 [0x00612469+74857]
	Ordinal0 [0x007142F7+1131255]
	GetHandleVerifier [0x0081711D+523789]
	GetHandleVerifier [0x00816EB0+523168]
	GetHandleVerifier [0x0081E207+552695]
	GetHandleVerifier [0x0081791A+525834]
	Ordinal0 [0x0070B82C+1095724]
	Ordinal0 [0x0071636B+1139563]
	Ordinal0 [0x007164D3+1139923]
	Ordinal0 [0x00715455+1135701]
	BaseThreadInitThunk [0x76576359+25]
	RtlGetAppContainerNamedObjectPath [0x76F17B74+228]
	RtlGetAppContainerNamedObjectPath [0x76F17B44+180]
">
      <![CDATA[org.openqa.selenium.SessionNotCreatedException: session not created: This version of ChromeDriver only supports Chrome version 78
Build info: version: '3.141.59', revision: 'e82be7d358', time: '2018-11-14T08:17:03'
System info: host: 'SWAPNIL', ip: '172.20.10.2', os.name: 'Windows 10', os.arch: 'amd64', os.version: '10.0', java.version: '1.8.0_191'
Driver info: driver.version: ChromeDriver
remote stacktrace: Backtrace:
	Ordinal0 [0x0077A923+1550627]
	Ordinal0 [0x006FA731+1025841]
	Ordinal0 [0x0067C715+509717]
	Ordinal0 [0x0060FC68+64616]
	Ordinal0 [0x0060C594+50580]
	Ordinal0 [0x0062ACE7+175335]
	Ordinal0 [0x0062A8ED+174317]
	Ordinal0 [0x00628CDB+167131]
	Ordinal0 [0x0061144A+70730]
	Ordinal0 [0x006124D0+74960]
	Ordinal0 [0x00612469+74857]
	Ordinal0 [0x007142F7+1131255]
	GetHandleVerifier [0x0081711D+523789]
	GetHandleVerifier [0x00816EB0+523168]
	GetHandleVerifier [0x0081E207+552695]
	GetHandleVerifier [0x0081791A+525834]
	Ordinal0 [0x0070B82C+1095724]
	Ordinal0 [0x0071636B+1139563]
	Ordinal0 [0x007164D3+1139923]
	Ordinal0 [0x00715455+1135701]
	BaseThreadInitThunk [0x76576359+25]
	RtlGetAppContainerNamedObjectPath [0x76F17B74+228]
	RtlGetAppContainerNamedObjectPath [0x76F17B44+180]

	at org.openqa.selenium.remote.W3CHandshakeResponse.lambda$errorHandler$0(W3CHandshakeResponse.java:62)
	at org.openqa.selenium.remote.HandshakeResponse.lambda$getResponseFunction$0(HandshakeResponse.java:30)
	at org.openqa.selenium.remote.ProtocolHandshake.lambda$createSession$0(ProtocolHandshake.java:126)
	at java.util.stream.ReferencePipeline$3$1.accept(ReferencePipeline.java:193)
	at java.util.Spliterators$ArraySpliterator.tryAdvance(Spliterators.java:958)
	at java.util.stream.ReferencePipeline.forEachWithCancel(ReferencePipeline.java:126)
	at java.util.stream.AbstractPipeline.copyIntoWithCancel(AbstractPipeline.java:498)
	at java.util.stream.AbstractPipeline.copyInto(AbstractPipeline.java:485)
	at java.util.stream.AbstractPipeline.wrapAndCopyInto(AbstractPipeline.java:471)
	at java.util.stream.FindOps$FindOp.evaluateSequential(FindOps.java:152)
	at java.util.stream.AbstractPipeline.evaluate(AbstractPipeline.java:234)
	at java.util.stream.ReferencePipeline.findFirst(ReferencePipeline.java:464)
	at org.openqa.selenium.remote.ProtocolHandshake.createSession(ProtocolHandshake.java:128)
	at org.openqa.selenium.remote.ProtocolHandshake.createSession(ProtocolHandshake.java:74)
	at org.openqa.selenium.remote.HttpCommandExecutor.execute(HttpCommandExecutor.java:136)
	at org.openqa.selenium.remote.service.DriverCommandExecutor.execute(DriverCommandExecutor.java:83)
	at org.openqa.selenium.remote.RemoteWebDriver.execute(RemoteWebDriver.java:552)
	at org.openqa.selenium.remote.RemoteWebDriver.startSession(RemoteWebDriver.java:213)
	at org.openqa.selenium.remote.RemoteWebDriver.<init>(RemoteWebDriver.java:131)
	at org.openqa.selenium.chrome.ChromeDriver.<init>(ChromeDriver.java:181)
	at org.openqa.selenium.chrome.ChromeDriver.<init>(ChromeDriver.java:168)
	at org.openqa.selenium.chrome.ChromeDriver.<init>(ChromeDriver.java:123)
	at com.crm.qa.base.TestBase.initialization(TestBase.java:57)
	at com.crm.qa.testcases.TasksPageTest.setUp(TasksPageTest.java:26)
... Removed 41 stack frames]]>
    </failure>
  </testcase> <!-- @BeforeMethod setUp -->
  <testcase name="@BeforeMethod setUp" time="0.0" classname="com.crm.qa.testcases.ContactPageTest">
    <skipped/>
  </testcase> <!-- @BeforeMethod setUp -->
  <testcase name="@BeforeMethod setUp" time="0.0" classname="com.crm.qa.testcases.HomePageTest">
    <skipped/>
  </testcase> <!-- @BeforeMethod setUp -->
  <testcase name="@BeforeMethod setUp" time="0.0" classname="com.crm.qa.testcases.LoginPageTest">
    <skipped/>
  </testcase> <!-- @BeforeMethod setUp -->
  <testcase name="@BeforeMethod setUp" time="0.0" classname="com.crm.qa.testcases.TasksPageTest">
    <skipped/>
  </testcase> <!-- @BeforeMethod setUp -->
  <testcase name="@BeforeMethod setUp" time="0.0" classname="com.crm.qa.testcases.TasksPageTest">
    <skipped/>
  </testcase> <!-- @BeforeMethod setUp -->
  <testcase name="@BeforeMethod setUp" time="0.0" classname="com.crm.qa.testcases.TasksPageTest">
    <skipped/>
  </testcase> <!-- @BeforeMethod setUp -->
  <testcase name="@BeforeMethod setUp" time="0.0" classname="com.crm.qa.testcases.TasksPageTest">
    <skipped/>
  </testcase> <!-- @BeforeMethod setUp -->
  <testcase name="@BeforeMethod setUp" time="0.0" classname="com.crm.qa.testcases.TasksPageTest">
    <skipped/>
  </testcase> <!-- @BeforeMethod setUp -->
  <testcase name="@BeforeMethod setUp" time="0.0" classname="com.crm.qa.testcases.TasksPageTest">
    <skipped/>
  </testcase> <!-- @BeforeMethod setUp -->
  <testcase name="@BeforeMethod setUp" time="0.0" classname="com.crm.qa.testcases.TasksPageTest">
    <skipped/>
  </testcase> <!-- @BeforeMethod setUp -->
  <testcase name="@BeforeMethod setUp" time="0.0" classname="com.crm.qa.testcases.ContactPageTest">
    <skipped/>
  </testcase> <!-- @BeforeMethod setUp -->
  <testcase name="@BeforeMethod setUp" time="0.0" classname="com.crm.qa.testcases.HomePageTest">
    <skipped/>
  </testcase> <!-- @BeforeMethod setUp -->
  <testcase name="@BeforeMethod setUp" time="0.0" classname="com.crm.qa.testcases.HomePageTest">
    <skipped/>
  </testcase> <!-- @BeforeMethod setUp -->
  <testcase name="@BeforeMethod setUp" time="0.0" classname="com.crm.qa.testcases.LoginPageTest">
    <skipped/>
  </testcase> <!-- @BeforeMethod setUp -->
  <testcase name="@BeforeMethod setUp" time="0.0" classname="com.crm.qa.testcases.TasksPageTest">
    <skipped/>
  </testcase> <!-- @BeforeMethod setUp -->
  <testcase name="@BeforeMethod setUp" time="0.0" classname="com.crm.qa.testcases.ContactPageTest">
    <skipped/>
  </testcase> <!-- @BeforeMethod setUp -->
  <testcase name="@BeforeMethod setUp" time="0.0" classname="com.crm.qa.testcases.ContactPageTest">
    <skipped/>
  </testcase> <!-- @BeforeMethod setUp -->
  <testcase name="@BeforeMethod setUp" time="0.0" classname="com.crm.qa.testcases.ContactPageTest">
    <skipped/>
  </testcase> <!-- @BeforeMethod setUp -->
  <testcase name="verifyContactsLabelTest" time="0.001" classname="com.crm.qa.testcases.ContactPageTest">
    <skipped/>
  </testcase> <!-- verifyContactsLabelTest -->
  <testcase name="verifyHomePageTitleTest" time="0.0" classname="com.crm.qa.testcases.HomePageTest">
    <skipped/>
  </testcase> <!-- verifyHomePageTitleTest -->
  <testcase name="loginPageTitleTest" time="0.0" classname="com.crm.qa.testcases.LoginPageTest">
    <skipped/>
  </testcase> <!-- loginPageTitleTest -->
  <testcase name="verifyTaskLabelTest" time="0.0" classname="com.crm.qa.testcases.TasksPageTest">
    <skipped/>
  </testcase> <!-- verifyTaskLabelTest -->
  <testcase name="selectSignleContactNameTest" time="0.0" classname="com.crm.qa.testcases.ContactPageTest">
    <skipped/>
  </testcase> <!-- selectSignleContactNameTest -->
  <testcase name="userNameLabelTest" time="0.0" classname="com.crm.qa.testcases.HomePageTest">
    <skipped/>
  </testcase> <!-- userNameLabelTest -->
  <testcase name="crmLogoImageTest" time="0.0" classname="com.crm.qa.testcases.LoginPageTest">
    <skipped/>
  </testcase> <!-- crmLogoImageTest -->
  <testcase name="VerifycreateNewTaskByBtn" time="0.0" classname="com.crm.qa.testcases.TasksPageTest">
    <skipped/>
  </testcase> <!-- VerifycreateNewTaskByBtn -->
  <testcase name="VerifycreateNewTaskByBtn" time="0.0" classname="com.crm.qa.testcases.TasksPageTest">
    <skipped/>
  </testcase> <!-- VerifycreateNewTaskByBtn -->
  <testcase name="VerifycreateNewTaskByBtn" time="0.0" classname="com.crm.qa.testcases.TasksPageTest">
    <skipped/>
  </testcase> <!-- VerifycreateNewTaskByBtn -->
  <testcase name="VerifycreateNewTaskByBtn" time="0.0" classname="com.crm.qa.testcases.TasksPageTest">
    <skipped/>
  </testcase> <!-- VerifycreateNewTaskByBtn -->
  <testcase name="VerifycreateNewTaskByBtn" time="0.0" classname="com.crm.qa.testcases.TasksPageTest">
    <skipped/>
  </testcase> <!-- VerifycreateNewTaskByBtn -->
  <testcase name="VerifycreateNewTaskByBtn" time="0.0" classname="com.crm.qa.testcases.TasksPageTest">
    <skipped/>
  </testcase> <!-- VerifycreateNewTaskByBtn -->
  <testcase name="VerifycreateNewTaskByBtn" time="0.0" classname="com.crm.qa.testcases.TasksPageTest">
    <skipped/>
  </testcase> <!-- VerifycreateNewTaskByBtn -->
  <testcase name="selectMultipleContactNameTest" time="0.0" classname="com.crm.qa.testcases.ContactPageTest">
    <skipped/>
  </testcase> <!-- selectMultipleContactNameTest -->
  <testcase name="verifyContactLinkClickTest" time="0.0" classname="com.crm.qa.testcases.HomePageTest">
    <skipped/>
  </testcase> <!-- verifyContactLinkClickTest -->
  <testcase name="verifyclickOnTaskLinkTest" time="0.0" classname="com.crm.qa.testcases.HomePageTest">
    <skipped/>
  </testcase> <!-- verifyclickOnTaskLinkTest -->
  <testcase name="loginTest" time="0.0" classname="com.crm.qa.testcases.LoginPageTest">
    <skipped/>
  </testcase> <!-- loginTest -->
  <testcase name="verifyClickOnTask" time="0.0" classname="com.crm.qa.testcases.TasksPageTest">
    <skipped/>
  </testcase> <!-- verifyClickOnTask -->
  <testcase name="validateCreateNewContactTest" time="0.0" classname="com.crm.qa.testcases.ContactPageTest">
    <skipped/>
  </testcase> <!-- validateCreateNewContactTest -->
  <testcase name="validateCreateNewContactTest" time="0.0" classname="com.crm.qa.testcases.ContactPageTest">
    <skipped/>
  </testcase> <!-- validateCreateNewContactTest -->
  <testcase name="validateCreateNewContactTest" time="0.0" classname="com.crm.qa.testcases.ContactPageTest">
    <skipped/>
  </testcase> <!-- validateCreateNewContactTest -->
</testsuite> <!-- Command line test -->
