<?xml version="1.0" encoding="UTF-8"?>
<testng-results skipped="0" failed="0" total="2" passed="2">
  <reporter-output>
  </reporter-output>
  <suite name="Default suite" duration-ms="69858" started-at="2020-01-12T10:56:58Z" finished-at="2020-01-12T10:58:08Z">
    <groups>
    </groups>
    <test name="Default test" duration-ms="69858" started-at="2020-01-12T10:56:58Z" finished-at="2020-01-12T10:58:08Z">
      <class name="com.qa.hotspot.tests.HomePageTest">
        <test-method status="PASS" signature="setUp()[pri:0, instance:com.qa.hotspot.tests.HomePageTest@23ceabc1]" name="setUp" is-config="true" duration-ms="29808" started-at="2020-01-12T16:26:58Z" finished-at="2020-01-12T16:27:28Z">
          <reporter-output>
          </reporter-output>
        </test-method> <!-- setUp -->
        <test-method status="PASS" signature="homePageTitleTest()[pri:0, instance:com.qa.hotspot.tests.HomePageTest@23ceabc1]" name="homePageTitleTest" duration-ms="6748" started-at="2020-01-12T16:27:28Z" finished-at="2020-01-12T16:27:35Z">
          <reporter-output>
          </reporter-output>
        </test-method> <!-- homePageTitleTest -->
        <test-method status="PASS" signature="teadDown()[pri:0, instance:com.qa.hotspot.tests.HomePageTest@23ceabc1]" name="teadDown" is-config="true" duration-ms="1250" started-at="2020-01-12T16:27:35Z" finished-at="2020-01-12T16:27:36Z">
          <reporter-output>
          </reporter-output>
        </test-method> <!-- teadDown -->
        <test-method status="PASS" signature="setUp()[pri:0, instance:com.qa.hotspot.tests.HomePageTest@23ceabc1]" name="setUp" is-config="true" duration-ms="23549" started-at="2020-01-12T16:27:36Z" finished-at="2020-01-12T16:27:59Z">
          <reporter-output>
          </reporter-output>
        </test-method> <!-- setUp -->
        <test-method status="PASS" signature="verifyHomePageDisplayTest()[pri:0, instance:com.qa.hotspot.tests.HomePageTest@23ceabc1]" name="verifyHomePageDisplayTest" duration-ms="7177" started-at="2020-01-12T16:27:59Z" finished-at="2020-01-12T16:28:07Z">
          <reporter-output>
          </reporter-output>
        </test-method> <!-- verifyHomePageDisplayTest -->
        <test-method status="PASS" signature="teadDown()[pri:0, instance:com.qa.hotspot.tests.HomePageTest@23ceabc1]" name="teadDown" is-config="true" duration-ms="1266" started-at="2020-01-12T16:28:07Z" finished-at="2020-01-12T16:28:08Z">
          <reporter-output>
          </reporter-output>
        </test-method> <!-- teadDown -->
      </class> <!-- com.qa.hotspot.tests.HomePageTest -->
    </test> <!-- Default test -->
  </suite> <!-- Default suite -->
</testng-results>
