<?xml version="1.0" encoding="UTF-8"?>
<testng-results skipped="0" failed="0" ignored="3" total="4" passed="1">
  <reporter-output>
  </reporter-output>
  <suite name="Default suite" duration-ms="107" started-at="2020-04-03T13:34:47Z" finished-at="2020-04-03T13:34:47Z">
    <groups>
    </groups>
    <test name="Default test" duration-ms="107" started-at="2020-04-03T13:34:47Z" finished-at="2020-04-03T13:34:47Z">
      <class name="com.testng.TestNgFeatures">
        <test-method status="PASS" signature="loginPageTest()[pri:0, instance:com.testng.TestNgFeatures@cc285f4]" name="loginPageTest" duration-ms="35" started-at="2020-04-03T13:34:47Z" finished-at="2020-04-03T13:34:47Z">
          <reporter-output>
          </reporter-output>
        </test-method> <!-- loginPageTest -->
      </class> <!-- com.testng.TestNgFeatures -->
    </test> <!-- Default test -->
  </suite> <!-- Default suite -->
</testng-results>
