<?xml version="1.0" encoding="UTF-8" ?>
<testsuite tests="44" failures="4" name="TestSuite" time="985.888" errors="0" skipped="40">
  <properties>
[...]
</properties>
  <testcase classname="com.crm.qa.testcases.ContactPageTest" name="setUp" time="10.344">
    <failure message="session not created: This version of ChromeDriver only supports Chrome version 78
Build info: version: &apos;3.141.59&apos;, revision: &apos;e82be7d358&apos;, time: &apos;2018-11-14T08:17:03&apos;
System info: host: &apos;SWAPNIL&apos;, ip: &apos;172.20.10.2&apos;, os.name: &apos;Windows 10&apos;, os.arch: &apos;amd64&apos;, os.version: &apos;10.0&apos;, java.version: &apos;1.8.0_191&apos;
Driver info: driver.version: ChromeDriver
remote stacktrace: Backtrace:
	Ordinal0 [0x0077A923+1550627]
	Ordinal0 [0x006FA731+1025841]
	Ordinal0 [0x0067C715+509717]
	Ordinal0 [0x0060FC68+64616]
	Ordinal0 [0x0060C594+50580]
	Ordinal0 [0x0062ACE7+175335]
	Ordinal0 [0x0062A8ED+174317]
	Ordinal0 [0x00628CDB+167131]
	Ordinal0 [0x0061144A+70730]
	Ordinal0 [0x006124D0+74960]
	Ordinal0 [0x00612469+74857]
	Ordinal0 [0x007142F7+1131255]
	GetHandleVerifier [0x0081711D+523789]
	GetHandleVerifier [0x00816EB0+523168]
	GetHandleVerifier [0x0081E207+552695]
	GetHandleVerifier [0x0081791A+525834]
	Ordinal0 [0x0070B82C+1095724]
	Ordinal0 [0x0071636B+1139563]
	Ordinal0 [0x007164D3+1139923]
	Ordinal0 [0x00715455+1135701]
	BaseThreadInitThunk [0x76576359+25]
	RtlGetAppContainerNamedObjectPath [0x76F17B74+228]
	RtlGetAppContainerNamedObjectPath [0x76F17B44+180]
" type="org.openqa.selenium.SessionNotCreatedException">org.openqa.selenium.SessionNotCreatedException: session not created: This version of ChromeDriver only supports Chrome version 78
Build info: version: &apos;3.141.59&apos;, revision: &apos;e82be7d358&apos;, time: &apos;2018-11-14T08:17:03&apos;
System info: host: &apos;SWAPNIL&apos;, ip: &apos;172.20.10.2&apos;, os.name: &apos;Windows 10&apos;, os.arch: &apos;amd64&apos;, os.version: &apos;10.0&apos;, java.version: &apos;1.8.0_191&apos;
Driver info: driver.version: ChromeDriver
remote stacktrace: Backtrace:
	Ordinal0 [0x0077A923+1550627]
	Ordinal0 [0x006FA731+1025841]
	Ordinal0 [0x0067C715+509717]
	Ordinal0 [0x0060FC68+64616]
	Ordinal0 [0x0060C594+50580]
	Ordinal0 [0x0062ACE7+175335]
	Ordinal0 [0x0062A8ED+174317]
	Ordinal0 [0x00628CDB+167131]
	Ordinal0 [0x0061144A+70730]
	Ordinal0 [0x006124D0+74960]
	Ordinal0 [0x00612469+74857]
	Ordinal0 [0x007142F7+1131255]
	GetHandleVerifier [0x0081711D+523789]
	GetHandleVerifier [0x00816EB0+523168]
	GetHandleVerifier [0x0081E207+552695]
	GetHandleVerifier [0x0081791A+525834]
	Ordinal0 [0x0070B82C+1095724]
	Ordinal0 [0x0071636B+1139563]
	Ordinal0 [0x007164D3+1139923]
	Ordinal0 [0x00715455+1135701]
	BaseThreadInitThunk [0x76576359+25]
	RtlGetAppContainerNamedObjectPath [0x76F17B74+228]
	RtlGetAppContainerNamedObjectPath [0x76F17B44+180]

	at sun.reflect.NativeConstructorAccessorImpl.newInstance0(Native Method)
	at sun.reflect.NativeConstructorAccessorImpl.newInstance(NativeConstructorAccessorImpl.java:62)
	at sun.reflect.DelegatingConstructorAccessorImpl.newInstance(DelegatingConstructorAccessorImpl.java:45)
	at java.lang.reflect.Constructor.newInstance(Constructor.java:423)
	at org.openqa.selenium.remote.W3CHandshakeResponse.lambda$errorHandler$0(W3CHandshakeResponse.java:62)
	at org.openqa.selenium.remote.HandshakeResponse.lambda$getResponseFunction$0(HandshakeResponse.java:30)
	at org.openqa.selenium.remote.ProtocolHandshake.lambda$createSession$0(ProtocolHandshake.java:126)
	at java.util.stream.ReferencePipeline$3$1.accept(ReferencePipeline.java:193)
	at java.util.Spliterators$ArraySpliterator.tryAdvance(Spliterators.java:958)
	at java.util.stream.ReferencePipeline.forEachWithCancel(ReferencePipeline.java:126)
	at java.util.stream.AbstractPipeline.copyIntoWithCancel(AbstractPipeline.java:498)
	at java.util.stream.AbstractPipeline.copyInto(AbstractPipeline.java:485)
	at java.util.stream.AbstractPipeline.wrapAndCopyInto(AbstractPipeline.java:471)
	at java.util.stream.FindOps$FindOp.evaluateSequential(FindOps.java:152)
	at java.util.stream.AbstractPipeline.evaluate(AbstractPipeline.java:234)
	at java.util.stream.ReferencePipeline.findFirst(ReferencePipeline.java:464)
	at org.openqa.selenium.remote.ProtocolHandshake.createSession(ProtocolHandshake.java:128)
	at org.openqa.selenium.remote.ProtocolHandshake.createSession(ProtocolHandshake.java:74)
	at org.openqa.selenium.remote.HttpCommandExecutor.execute(HttpCommandExecutor.java:136)
	at org.openqa.selenium.remote.service.DriverCommandExecutor.execute(DriverCommandExecutor.java:83)
	at org.openqa.selenium.remote.RemoteWebDriver.execute(RemoteWebDriver.java:552)
	at org.openqa.selenium.remote.RemoteWebDriver.startSession(RemoteWebDriver.java:213)
	at org.openqa.selenium.remote.RemoteWebDriver.&lt;init&gt;(RemoteWebDriver.java:131)
	at org.openqa.selenium.chrome.ChromeDriver.&lt;init&gt;(ChromeDriver.java:181)
	at org.openqa.selenium.chrome.ChromeDriver.&lt;init&gt;(ChromeDriver.java:168)
	at org.openqa.selenium.chrome.ChromeDriver.&lt;init&gt;(ChromeDriver.java:123)
	at com.crm.qa.base.TestBase.initialization(TestBase.java:57)
	at com.crm.qa.testcases.ContactPageTest.setUp(ContactPageTest.java:29)
</failure>
    <system-out>Configuring TestNG with: org.apache.maven.surefire.testng.conf.TestNG652Configurator@77468bd9
</system-out>
    <system-err>Starting ChromeDriver 78.0.3904.105 (60e2d8774a8151efa6a00b1f358371b1e0e07ee2-refs/branch-heads/3904@{#877}) on port 9074
Only local connections are allowed.
Please protect ports used by ChromeDriver and related test frameworks to prevent access by malicious code.
</system-err>
  </testcase>
  <testcase classname="com.crm.qa.testcases.ContactPageTest" name="verifyContactsLabelTest" time="10.346">
    <skipped/>
  </testcase>
  <testcase classname="com.crm.qa.testcases.HomePageTest" name="setUp" time="14.889">
    <failure message="session not created: This version of ChromeDriver only supports Chrome version 78
Build info: version: &apos;3.141.59&apos;, revision: &apos;e82be7d358&apos;, time: &apos;2018-11-14T08:17:03&apos;
System info: host: &apos;SWAPNIL&apos;, ip: &apos;172.20.10.2&apos;, os.name: &apos;Windows 10&apos;, os.arch: &apos;amd64&apos;, os.version: &apos;10.0&apos;, java.version: &apos;1.8.0_191&apos;
Driver info: driver.version: ChromeDriver
remote stacktrace: Backtrace:
	Ordinal0 [0x0077A923+1550627]
	Ordinal0 [0x006FA731+1025841]
	Ordinal0 [0x0067C715+509717]
	Ordinal0 [0x0060FC68+64616]
	Ordinal0 [0x0060C594+50580]
	Ordinal0 [0x0062ACE7+175335]
	Ordinal0 [0x0062A8ED+174317]
	Ordinal0 [0x00628CDB+167131]
	Ordinal0 [0x0061144A+70730]
	Ordinal0 [0x006124D0+74960]
	Ordinal0 [0x00612469+74857]
	Ordinal0 [0x007142F7+1131255]
	GetHandleVerifier [0x0081711D+523789]
	GetHandleVerifier [0x00816EB0+523168]
	GetHandleVerifier [0x0081E207+552695]
	GetHandleVerifier [0x0081791A+525834]
	Ordinal0 [0x0070B82C+1095724]
	Ordinal0 [0x0071636B+1139563]
	Ordinal0 [0x007164D3+1139923]
	Ordinal0 [0x00715455+1135701]
	BaseThreadInitThunk [0x76576359+25]
	RtlGetAppContainerNamedObjectPath [0x76F17B74+228]
	RtlGetAppContainerNamedObjectPath [0x76F17B44+180]
" type="org.openqa.selenium.SessionNotCreatedException">org.openqa.selenium.SessionNotCreatedException: session not created: This version of ChromeDriver only supports Chrome version 78
Build info: version: &apos;3.141.59&apos;, revision: &apos;e82be7d358&apos;, time: &apos;2018-11-14T08:17:03&apos;
System info: host: &apos;SWAPNIL&apos;, ip: &apos;172.20.10.2&apos;, os.name: &apos;Windows 10&apos;, os.arch: &apos;amd64&apos;, os.version: &apos;10.0&apos;, java.version: &apos;1.8.0_191&apos;
Driver info: driver.version: ChromeDriver
remote stacktrace: Backtrace:
	Ordinal0 [0x0077A923+1550627]
	Ordinal0 [0x006FA731+1025841]
	Ordinal0 [0x0067C715+509717]
	Ordinal0 [0x0060FC68+64616]
	Ordinal0 [0x0060C594+50580]
	Ordinal0 [0x0062ACE7+175335]
	Ordinal0 [0x0062A8ED+174317]
	Ordinal0 [0x00628CDB+167131]
	Ordinal0 [0x0061144A+70730]
	Ordinal0 [0x006124D0+74960]
	Ordinal0 [0x00612469+74857]
	Ordinal0 [0x007142F7+1131255]
	GetHandleVerifier [0x0081711D+523789]
	GetHandleVerifier [0x00816EB0+523168]
	GetHandleVerifier [0x0081E207+552695]
	GetHandleVerifier [0x0081791A+525834]
	Ordinal0 [0x0070B82C+1095724]
	Ordinal0 [0x0071636B+1139563]
	Ordinal0 [0x007164D3+1139923]
	Ordinal0 [0x00715455+1135701]
	BaseThreadInitThunk [0x76576359+25]
	RtlGetAppContainerNamedObjectPath [0x76F17B74+228]
	RtlGetAppContainerNamedObjectPath [0x76F17B44+180]

	at sun.reflect.NativeConstructorAccessorImpl.newInstance0(Native Method)
	at sun.reflect.NativeConstructorAccessorImpl.newInstance(NativeConstructorAccessorImpl.java:62)
	at sun.reflect.DelegatingConstructorAccessorImpl.newInstance(DelegatingConstructorAccessorImpl.java:45)
	at java.lang.reflect.Constructor.newInstance(Constructor.java:423)
	at org.openqa.selenium.remote.W3CHandshakeResponse.lambda$errorHandler$0(W3CHandshakeResponse.java:62)
	at org.openqa.selenium.remote.HandshakeResponse.lambda$getResponseFunction$0(HandshakeResponse.java:30)
	at org.openqa.selenium.remote.ProtocolHandshake.lambda$createSession$0(ProtocolHandshake.java:126)
	at java.util.stream.ReferencePipeline$3$1.accept(ReferencePipeline.java:193)
	at java.util.Spliterators$ArraySpliterator.tryAdvance(Spliterators.java:958)
	at java.util.stream.ReferencePipeline.forEachWithCancel(ReferencePipeline.java:126)
	at java.util.stream.AbstractPipeline.copyIntoWithCancel(AbstractPipeline.java:498)
	at java.util.stream.AbstractPipeline.copyInto(AbstractPipeline.java:485)
	at java.util.stream.AbstractPipeline.wrapAndCopyInto(AbstractPipeline.java:471)
	at java.util.stream.FindOps$FindOp.evaluateSequential(FindOps.java:152)
	at java.util.stream.AbstractPipeline.evaluate(AbstractPipeline.java:234)
	at java.util.stream.ReferencePipeline.findFirst(ReferencePipeline.java:464)
	at org.openqa.selenium.remote.ProtocolHandshake.createSession(ProtocolHandshake.java:128)
	at org.openqa.selenium.remote.ProtocolHandshake.createSession(ProtocolHandshake.java:74)
	at org.openqa.selenium.remote.HttpCommandExecutor.execute(HttpCommandExecutor.java:136)
	at org.openqa.selenium.remote.service.DriverCommandExecutor.execute(DriverCommandExecutor.java:83)
	at org.openqa.selenium.remote.RemoteWebDriver.execute(RemoteWebDriver.java:552)
	at org.openqa.selenium.remote.RemoteWebDriver.startSession(RemoteWebDriver.java:213)
	at org.openqa.selenium.remote.RemoteWebDriver.&lt;init&gt;(RemoteWebDriver.java:131)
	at org.openqa.selenium.chrome.ChromeDriver.&lt;init&gt;(ChromeDriver.java:181)
	at org.openqa.selenium.chrome.ChromeDriver.&lt;init&gt;(ChromeDriver.java:168)
	at org.openqa.selenium.chrome.ChromeDriver.&lt;init&gt;(ChromeDriver.java:123)
	at com.crm.qa.base.TestBase.initialization(TestBase.java:57)
	at com.crm.qa.testcases.HomePageTest.setUp(HomePageTest.java:28)
</failure>
    <system-err>Starting ChromeDriver 78.0.3904.105 (60e2d8774a8151efa6a00b1f358371b1e0e07ee2-refs/branch-heads/3904@{#877}) on port 26789
Only local connections are allowed.
Please protect ports used by ChromeDriver and related test frameworks to prevent access by malicious code.
</system-err>
  </testcase>
  <testcase classname="com.crm.qa.testcases.HomePageTest" name="verifyHomePageTitleTest" time="14.889">
    <skipped/>
  </testcase>
  <testcase classname="com.crm.qa.testcases.LoginPageTest" name="setUp" time="18.432">
    <failure message="session not created: This version of ChromeDriver only supports Chrome version 78
Build info: version: &apos;3.141.59&apos;, revision: &apos;e82be7d358&apos;, time: &apos;2018-11-14T08:17:03&apos;
System info: host: &apos;SWAPNIL&apos;, ip: &apos;172.20.10.2&apos;, os.name: &apos;Windows 10&apos;, os.arch: &apos;amd64&apos;, os.version: &apos;10.0&apos;, java.version: &apos;1.8.0_191&apos;
Driver info: driver.version: ChromeDriver
remote stacktrace: Backtrace:
	Ordinal0 [0x0077A923+1550627]
	Ordinal0 [0x006FA731+1025841]
	Ordinal0 [0x0067C715+509717]
	Ordinal0 [0x0060FC68+64616]
	Ordinal0 [0x0060C594+50580]
	Ordinal0 [0x0062ACE7+175335]
	Ordinal0 [0x0062A8ED+174317]
	Ordinal0 [0x00628CDB+167131]
	Ordinal0 [0x0061144A+70730]
	Ordinal0 [0x006124D0+74960]
	Ordinal0 [0x00612469+74857]
	Ordinal0 [0x007142F7+1131255]
	GetHandleVerifier [0x0081711D+523789]
	GetHandleVerifier [0x00816EB0+523168]
	GetHandleVerifier [0x0081E207+552695]
	GetHandleVerifier [0x0081791A+525834]
	Ordinal0 [0x0070B82C+1095724]
	Ordinal0 [0x0071636B+1139563]
	Ordinal0 [0x007164D3+1139923]
	Ordinal0 [0x00715455+1135701]
	BaseThreadInitThunk [0x76576359+25]
	RtlGetAppContainerNamedObjectPath [0x76F17B74+228]
	RtlGetAppContainerNamedObjectPath [0x76F17B44+180]
" type="org.openqa.selenium.SessionNotCreatedException">org.openqa.selenium.SessionNotCreatedException: session not created: This version of ChromeDriver only supports Chrome version 78
Build info: version: &apos;3.141.59&apos;, revision: &apos;e82be7d358&apos;, time: &apos;2018-11-14T08:17:03&apos;
System info: host: &apos;SWAPNIL&apos;, ip: &apos;172.20.10.2&apos;, os.name: &apos;Windows 10&apos;, os.arch: &apos;amd64&apos;, os.version: &apos;10.0&apos;, java.version: &apos;1.8.0_191&apos;
Driver info: driver.version: ChromeDriver
remote stacktrace: Backtrace:
	Ordinal0 [0x0077A923+1550627]
	Ordinal0 [0x006FA731+1025841]
	Ordinal0 [0x0067C715+509717]
	Ordinal0 [0x0060FC68+64616]
	Ordinal0 [0x0060C594+50580]
	Ordinal0 [0x0062ACE7+175335]
	Ordinal0 [0x0062A8ED+174317]
	Ordinal0 [0x00628CDB+167131]
	Ordinal0 [0x0061144A+70730]
	Ordinal0 [0x006124D0+74960]
	Ordinal0 [0x00612469+74857]
	Ordinal0 [0x007142F7+1131255]
	GetHandleVerifier [0x0081711D+523789]
	GetHandleVerifier [0x00816EB0+523168]
	GetHandleVerifier [0x0081E207+552695]
	GetHandleVerifier [0x0081791A+525834]
	Ordinal0 [0x0070B82C+1095724]
	Ordinal0 [0x0071636B+1139563]
	Ordinal0 [0x007164D3+1139923]
	Ordinal0 [0x00715455+1135701]
	BaseThreadInitThunk [0x76576359+25]
	RtlGetAppContainerNamedObjectPath [0x76F17B74+228]
	RtlGetAppContainerNamedObjectPath [0x76F17B44+180]

	at sun.reflect.NativeConstructorAccessorImpl.newInstance0(Native Method)
	at sun.reflect.NativeConstructorAccessorImpl.newInstance(NativeConstructorAccessorImpl.java:62)
	at sun.reflect.DelegatingConstructorAccessorImpl.newInstance(DelegatingConstructorAccessorImpl.java:45)
	at java.lang.reflect.Constructor.newInstance(Constructor.java:423)
	at org.openqa.selenium.remote.W3CHandshakeResponse.lambda$errorHandler$0(W3CHandshakeResponse.java:62)
	at org.openqa.selenium.remote.HandshakeResponse.lambda$getResponseFunction$0(HandshakeResponse.java:30)
	at org.openqa.selenium.remote.ProtocolHandshake.lambda$createSession$0(ProtocolHandshake.java:126)
	at java.util.stream.ReferencePipeline$3$1.accept(ReferencePipeline.java:193)
	at java.util.Spliterators$ArraySpliterator.tryAdvance(Spliterators.java:958)
	at java.util.stream.ReferencePipeline.forEachWithCancel(ReferencePipeline.java:126)
	at java.util.stream.AbstractPipeline.copyIntoWithCancel(AbstractPipeline.java:498)
	at java.util.stream.AbstractPipeline.copyInto(AbstractPipeline.java:485)
	at java.util.stream.AbstractPipeline.wrapAndCopyInto(AbstractPipeline.java:471)
	at java.util.stream.FindOps$FindOp.evaluateSequential(FindOps.java:152)
	at java.util.stream.AbstractPipeline.evaluate(AbstractPipeline.java:234)
	at java.util.stream.ReferencePipeline.findFirst(ReferencePipeline.java:464)
	at org.openqa.selenium.remote.ProtocolHandshake.createSession(ProtocolHandshake.java:128)
	at org.openqa.selenium.remote.ProtocolHandshake.createSession(ProtocolHandshake.java:74)
	at org.openqa.selenium.remote.HttpCommandExecutor.execute(HttpCommandExecutor.java:136)
	at org.openqa.selenium.remote.service.DriverCommandExecutor.execute(DriverCommandExecutor.java:83)
	at org.openqa.selenium.remote.RemoteWebDriver.execute(RemoteWebDriver.java:552)
	at org.openqa.selenium.remote.RemoteWebDriver.startSession(RemoteWebDriver.java:213)
	at org.openqa.selenium.remote.RemoteWebDriver.&lt;init&gt;(RemoteWebDriver.java:131)
	at org.openqa.selenium.chrome.ChromeDriver.&lt;init&gt;(ChromeDriver.java:181)
	at org.openqa.selenium.chrome.ChromeDriver.&lt;init&gt;(ChromeDriver.java:168)
	at org.openqa.selenium.chrome.ChromeDriver.&lt;init&gt;(ChromeDriver.java:123)
	at com.crm.qa.base.TestBase.initialization(TestBase.java:57)
	at com.crm.qa.testcases.LoginPageTest.setUp(LoginPageTest.java:23)
</failure>
    <system-err>Starting ChromeDriver 78.0.3904.105 (60e2d8774a8151efa6a00b1f358371b1e0e07ee2-refs/branch-heads/3904@{#877}) on port 45750
Only local connections are allowed.
Please protect ports used by ChromeDriver and related test frameworks to prevent access by malicious code.
</system-err>
  </testcase>
  <testcase classname="com.crm.qa.testcases.LoginPageTest" name="loginPageTitleTest" time="18.433">
    <skipped/>
  </testcase>
  <testcase classname="com.crm.qa.testcases.TasksPageTest" name="setUp" time="21.68">
    <failure message="session not created: This version of ChromeDriver only supports Chrome version 78
Build info: version: &apos;3.141.59&apos;, revision: &apos;e82be7d358&apos;, time: &apos;2018-11-14T08:17:03&apos;
System info: host: &apos;SWAPNIL&apos;, ip: &apos;172.20.10.2&apos;, os.name: &apos;Windows 10&apos;, os.arch: &apos;amd64&apos;, os.version: &apos;10.0&apos;, java.version: &apos;1.8.0_191&apos;
Driver info: driver.version: ChromeDriver
remote stacktrace: Backtrace:
	Ordinal0 [0x0077A923+1550627]
	Ordinal0 [0x006FA731+1025841]
	Ordinal0 [0x0067C715+509717]
	Ordinal0 [0x0060FC68+64616]
	Ordinal0 [0x0060C594+50580]
	Ordinal0 [0x0062ACE7+175335]
	Ordinal0 [0x0062A8ED+174317]
	Ordinal0 [0x00628CDB+167131]
	Ordinal0 [0x0061144A+70730]
	Ordinal0 [0x006124D0+74960]
	Ordinal0 [0x00612469+74857]
	Ordinal0 [0x007142F7+1131255]
	GetHandleVerifier [0x0081711D+523789]
	GetHandleVerifier [0x00816EB0+523168]
	GetHandleVerifier [0x0081E207+552695]
	GetHandleVerifier [0x0081791A+525834]
	Ordinal0 [0x0070B82C+1095724]
	Ordinal0 [0x0071636B+1139563]
	Ordinal0 [0x007164D3+1139923]
	Ordinal0 [0x00715455+1135701]
	BaseThreadInitThunk [0x76576359+25]
	RtlGetAppContainerNamedObjectPath [0x76F17B74+228]
	RtlGetAppContainerNamedObjectPath [0x76F17B44+180]
" type="org.openqa.selenium.SessionNotCreatedException">org.openqa.selenium.SessionNotCreatedException: session not created: This version of ChromeDriver only supports Chrome version 78
Build info: version: &apos;3.141.59&apos;, revision: &apos;e82be7d358&apos;, time: &apos;2018-11-14T08:17:03&apos;
System info: host: &apos;SWAPNIL&apos;, ip: &apos;172.20.10.2&apos;, os.name: &apos;Windows 10&apos;, os.arch: &apos;amd64&apos;, os.version: &apos;10.0&apos;, java.version: &apos;1.8.0_191&apos;
Driver info: driver.version: ChromeDriver
remote stacktrace: Backtrace:
	Ordinal0 [0x0077A923+1550627]
	Ordinal0 [0x006FA731+1025841]
	Ordinal0 [0x0067C715+509717]
	Ordinal0 [0x0060FC68+64616]
	Ordinal0 [0x0060C594+50580]
	Ordinal0 [0x0062ACE7+175335]
	Ordinal0 [0x0062A8ED+174317]
	Ordinal0 [0x00628CDB+167131]
	Ordinal0 [0x0061144A+70730]
	Ordinal0 [0x006124D0+74960]
	Ordinal0 [0x00612469+74857]
	Ordinal0 [0x007142F7+1131255]
	GetHandleVerifier [0x0081711D+523789]
	GetHandleVerifier [0x00816EB0+523168]
	GetHandleVerifier [0x0081E207+552695]
	GetHandleVerifier [0x0081791A+525834]
	Ordinal0 [0x0070B82C+1095724]
	Ordinal0 [0x0071636B+1139563]
	Ordinal0 [0x007164D3+1139923]
	Ordinal0 [0x00715455+1135701]
	BaseThreadInitThunk [0x76576359+25]
	RtlGetAppContainerNamedObjectPath [0x76F17B74+228]
	RtlGetAppContainerNamedObjectPath [0x76F17B44+180]

	at sun.reflect.NativeConstructorAccessorImpl.newInstance0(Native Method)
	at sun.reflect.NativeConstructorAccessorImpl.newInstance(NativeConstructorAccessorImpl.java:62)
	at sun.reflect.DelegatingConstructorAccessorImpl.newInstance(DelegatingConstructorAccessorImpl.java:45)
	at java.lang.reflect.Constructor.newInstance(Constructor.java:423)
	at org.openqa.selenium.remote.W3CHandshakeResponse.lambda$errorHandler$0(W3CHandshakeResponse.java:62)
	at org.openqa.selenium.remote.HandshakeResponse.lambda$getResponseFunction$0(HandshakeResponse.java:30)
	at org.openqa.selenium.remote.ProtocolHandshake.lambda$createSession$0(ProtocolHandshake.java:126)
	at java.util.stream.ReferencePipeline$3$1.accept(ReferencePipeline.java:193)
	at java.util.Spliterators$ArraySpliterator.tryAdvance(Spliterators.java:958)
	at java.util.stream.ReferencePipeline.forEachWithCancel(ReferencePipeline.java:126)
	at java.util.stream.AbstractPipeline.copyIntoWithCancel(AbstractPipeline.java:498)
	at java.util.stream.AbstractPipeline.copyInto(AbstractPipeline.java:485)
	at java.util.stream.AbstractPipeline.wrapAndCopyInto(AbstractPipeline.java:471)
	at java.util.stream.FindOps$FindOp.evaluateSequential(FindOps.java:152)
	at java.util.stream.AbstractPipeline.evaluate(AbstractPipeline.java:234)
	at java.util.stream.ReferencePipeline.findFirst(ReferencePipeline.java:464)
	at org.openqa.selenium.remote.ProtocolHandshake.createSession(ProtocolHandshake.java:128)
	at org.openqa.selenium.remote.ProtocolHandshake.createSession(ProtocolHandshake.java:74)
	at org.openqa.selenium.remote.HttpCommandExecutor.execute(HttpCommandExecutor.java:136)
	at org.openqa.selenium.remote.service.DriverCommandExecutor.execute(DriverCommandExecutor.java:83)
	at org.openqa.selenium.remote.RemoteWebDriver.execute(RemoteWebDriver.java:552)
	at org.openqa.selenium.remote.RemoteWebDriver.startSession(RemoteWebDriver.java:213)
	at org.openqa.selenium.remote.RemoteWebDriver.&lt;init&gt;(RemoteWebDriver.java:131)
	at org.openqa.selenium.chrome.ChromeDriver.&lt;init&gt;(ChromeDriver.java:181)
	at org.openqa.selenium.chrome.ChromeDriver.&lt;init&gt;(ChromeDriver.java:168)
	at org.openqa.selenium.chrome.ChromeDriver.&lt;init&gt;(ChromeDriver.java:123)
	at com.crm.qa.base.TestBase.initialization(TestBase.java:57)
	at com.crm.qa.testcases.TasksPageTest.setUp(TasksPageTest.java:26)
</failure>
    <system-err>Starting ChromeDriver 78.0.3904.105 (60e2d8774a8151efa6a00b1f358371b1e0e07ee2-refs/branch-heads/3904@{#877}) on port 33778
Only local connections are allowed.
Please protect ports used by ChromeDriver and related test frameworks to prevent access by malicious code.
</system-err>
  </testcase>
  <testcase classname="com.crm.qa.testcases.TasksPageTest" name="verifyTaskLabelTest" time="21.68">
    <skipped/>
  </testcase>
  <testcase classname="com.crm.qa.testcases.ContactPageTest" name="setUp" time="21.681">
    <skipped/>
  </testcase>
  <testcase classname="com.crm.qa.testcases.ContactPageTest" name="selectSignleContactNameTest" time="21.681">
    <skipped/>
  </testcase>
  <testcase classname="com.crm.qa.testcases.HomePageTest" name="setUp" time="21.681">
    <skipped/>
  </testcase>
  <testcase classname="com.crm.qa.testcases.HomePageTest" name="userNameLabelTest" time="21.681">
    <skipped/>
  </testcase>
  <testcase classname="com.crm.qa.testcases.LoginPageTest" name="setUp" time="21.681">
    <skipped/>
  </testcase>
  <testcase classname="com.crm.qa.testcases.LoginPageTest" name="crmLogoImageTest" time="21.682">
    <skipped/>
  </testcase>
  <testcase classname="com.crm.qa.testcases.TasksPageTest" name="setUp" time="24.136">
    <skipped/>
  </testcase>
  <testcase classname="com.crm.qa.testcases.TasksPageTest" name="VerifycreateNewTaskByBtn" time="24.136">
    <skipped/>
  </testcase>
  <testcase classname="com.crm.qa.testcases.TasksPageTest" name="setUp" time="24.137">
    <skipped/>
  </testcase>
  <testcase classname="com.crm.qa.testcases.TasksPageTest" name="VerifycreateNewTaskByBtn" time="24.137">
    <skipped/>
  </testcase>
  <testcase classname="com.crm.qa.testcases.TasksPageTest" name="setUp" time="24.138">
    <skipped/>
  </testcase>
  <testcase classname="com.crm.qa.testcases.TasksPageTest" name="VerifycreateNewTaskByBtn" time="24.139">
    <skipped/>
  </testcase>
  <testcase classname="com.crm.qa.testcases.TasksPageTest" name="setUp" time="24.14">
    <skipped/>
  </testcase>
  <testcase classname="com.crm.qa.testcases.TasksPageTest" name="VerifycreateNewTaskByBtn" time="24.14">
    <skipped/>
  </testcase>
  <testcase classname="com.crm.qa.testcases.TasksPageTest" name="setUp" time="24.141">
    <skipped/>
  </testcase>
  <testcase classname="com.crm.qa.testcases.TasksPageTest" name="VerifycreateNewTaskByBtn" time="24.141">
    <skipped/>
  </testcase>
  <testcase classname="com.crm.qa.testcases.TasksPageTest" name="setUp" time="24.143">
    <skipped/>
  </testcase>
  <testcase classname="com.crm.qa.testcases.TasksPageTest" name="VerifycreateNewTaskByBtn" time="24.144">
    <skipped/>
  </testcase>
  <testcase classname="com.crm.qa.testcases.TasksPageTest" name="setUp" time="24.146">
    <skipped/>
  </testcase>
  <testcase classname="com.crm.qa.testcases.TasksPageTest" name="VerifycreateNewTaskByBtn" time="24.147">
    <skipped/>
  </testcase>
  <testcase classname="com.crm.qa.testcases.ContactPageTest" name="setUp" time="24.148">
    <skipped/>
  </testcase>
  <testcase classname="com.crm.qa.testcases.ContactPageTest" name="selectMultipleContactNameTest" time="24.148">
    <skipped/>
  </testcase>
  <testcase classname="com.crm.qa.testcases.HomePageTest" name="setUp" time="24.149">
    <skipped/>
  </testcase>
  <testcase classname="com.crm.qa.testcases.HomePageTest" name="verifyContactLinkClickTest" time="24.149">
    <skipped/>
  </testcase>
  <testcase classname="com.crm.qa.testcases.HomePageTest" name="setUp" time="24.15">
    <skipped/>
  </testcase>
  <testcase classname="com.crm.qa.testcases.HomePageTest" name="verifyclickOnTaskLinkTest" time="24.15">
    <skipped/>
  </testcase>
  <testcase classname="com.crm.qa.testcases.LoginPageTest" name="setUp" time="24.151">
    <skipped/>
  </testcase>
  <testcase classname="com.crm.qa.testcases.LoginPageTest" name="loginTest" time="24.151">
    <skipped/>
  </testcase>
  <testcase classname="com.crm.qa.testcases.TasksPageTest" name="setUp" time="24.153">
    <skipped/>
  </testcase>
  <testcase classname="com.crm.qa.testcases.TasksPageTest" name="verifyClickOnTask" time="24.153">
    <skipped/>
  </testcase>
  <testcase classname="com.crm.qa.testcases.ContactPageTest" name="setUp" time="24.272">
    <skipped/>
  </testcase>
  <testcase classname="com.crm.qa.testcases.ContactPageTest" name="validateCreateNewContactTest" time="24.272">
    <skipped/>
  </testcase>
  <testcase classname="com.crm.qa.testcases.ContactPageTest" name="setUp" time="24.272">
    <skipped/>
  </testcase>
  <testcase classname="com.crm.qa.testcases.ContactPageTest" name="validateCreateNewContactTest" time="24.274">
    <skipped/>
  </testcase>
  <testcase classname="com.crm.qa.testcases.ContactPageTest" name="setUp" time="24.275">
    <skipped/>
  </testcase>
  <testcase classname="com.crm.qa.testcases.ContactPageTest" name="validateCreateNewContactTest" time="24.276">
    <skipped/>
  </testcase>
</testsuite>