<?xml version="1.0" encoding="UTF-8"?>
<!-- Generated by org.testng.reporters.JUnitXMLReporter -->
<testsuite hostname="Swapnil" ignored="3" name="Default test" tests="1" failures="0" timestamp="03 Apr 2020 13:34:47 GMT" time="0.107" errors="0">
  <testcase name="loginPageTest" time="0.035" classname="com.testng.TestNgFeatures"/>
  <testcase name="REgistrationPageTest" time="0.0" classname="com.testng.TestNgFeatures">
    <ignored/>
  </testcase> <!-- REgistrationPageTest -->
  <testcase name="HomePageTest" time="0.0" classname="com.testng.TestNgFeatures">
    <ignored/>
  </testcase> <!-- HomePageTest -->
  <testcase name="SearchPageTest" time="0.0" classname="com.testng.TestNgFeatures">
    <ignored/>
  </testcase> <!-- SearchPageTest -->
</testsuite> <!-- Default test -->
