<?xml version="1.0" encoding="UTF-8"?>
<!-- Generated by org.testng.reporters.JUnitXMLReporter -->
<testsuite hostname="Swapnil" ignored="0" name="Test" tests="17" failures="1" timestamp="08 Feb 2020 11:55:19 GMT" time="25.203" errors="0">
  <testcase name="test1" time="0.022" classname="com.testng.ExceptionTimeOutTest"/>
  <testcase name="googleLogoTest" time="0.265" classname="com.testng.GoogleTitleTest"/>
  <testcase name="googleTitleTest" time="0.045" classname="com.testng.GoogleTitleTest">
    <failure type="java.lang.AssertionError" message="title is not matched expected [Google123] but found [Google]">
      <![CDATA[java.lang.AssertionError: title is not matched expected [Google123] but found [Google]
at com.testng.GoogleTitleTest.googleTitleTest(GoogleTitleTest.java:37)
... Removed 30 stack frames]]>
    </failure>
  </testcase> <!-- googleTitleTest -->
  <testcase name="sum" time="0.004" classname="com.testng.InvocationCountTest"/>
  <testcase name="sum" time="0.002" classname="com.testng.InvocationCountTest"/>
  <testcase name="sum" time="0.004" classname="com.testng.InvocationCountTest"/>
  <testcase name="sum" time="0.002" classname="com.testng.InvocationCountTest"/>
  <testcase name="sum" time="0.001" classname="com.testng.InvocationCountTest"/>
  <testcase name="sum" time="0.003" classname="com.testng.InvocationCountTest"/>
  <testcase name="sum" time="0.002" classname="com.testng.InvocationCountTest"/>
  <testcase name="sum" time="0.002" classname="com.testng.InvocationCountTest"/>
  <testcase name="sum" time="0.002" classname="com.testng.InvocationCountTest"/>
  <testcase name="sum" time="0.002" classname="com.testng.InvocationCountTest"/>
  <testcase name="googleLogoTest" time="0.003" classname="com.testng.TestNgBasics"/>
  <testcase name="googleTitleTest" time="0.003" classname="com.testng.TestNgBasics"/>
  <testcase name="searchTest" time="0.003" classname="com.testng.TestNgBasics"/>
  <testcase name="loginPageTest" time="0.002" classname="com.testng.TestNgFeatures"/>
</testsuite> <!-- Test -->
